listening on hostname 0.0.0.0 port 12340
listening on hostname 0.0.0.0 port 12341
2014-04-22 07:43:06.201 ZMQ ./soa/service/zmq_endpoint.cc:447 - bool Datacratic::ZmqNamedProxy::connect(const string&, Datacratic::ConnectionStyle) [1;31mconnecting to PostAuctionLoop/events[0m
wexists handler returned -101
2. returning result 
2014-04-22 07:43:06.272 ZMQ ./soa/service/zmq_endpoint.cc:447 - bool Datacratic::ZmqNamedProxy::connect(const string&, Datacratic::ConnectionStyle) [1;31mconnecting to PostAuctionLoop/events[0m
2014-04-22 07:43:06.275 ZMQ ./soa/service/zmq_endpoint.cc:447 - bool Datacratic::ZmqNamedProxy::connect(const string&, Datacratic::ConnectionStyle) [1;31mconnecting to PostAuctionLoop/events[0m
2014-04-22 07:43:06.278 ZMQ ./soa/service/zmq_endpoint.cc:494 - bool Datacratic::ZmqNamedProxy::connect(const string&, Datacratic::ConnectionStyle) [1;31mconnected to tcp://ip-172-31-27-189.ec2.internal:20000[0m

--------------------------[Exception thrown]---------------------------
time:   2014-04-22-074458
type:   ML::Exception
pid:    8862; tid: 8895
what:   invalid verb
stack:
00: 0x0x7f10f16c2db7 at __cxa_throw + 0x27 in /home/rtbkit/rtbkit/build/x86_64/bin/../bin/libexception_hook.so + 0xdb7/home/rtbkit/rtbkit/build/x86_64/bin/../bin/libexception_hook.so(__cxa_throw+0x27) [0x7f10f16c2db7]
01: 0x0x7f10f0ad6b65 at Datacratic::JsonConnectionHandler::handleHttpHeader(Datacratic::HttpHeader const&) + 0xb5 in /home/rtbkit/rtbkit/build/x86_64/bin/../bin/libservices.so + 0x96b65/home/rtbkit/rtbkit/build/x86_64/bin/../bin/libservices.so(_ZN10Datacratic21JsonConnectionHandler16handleHttpHeaderERKNS_10HttpHeaderE+0xb5) [0x7f10f0ad6b65]
02: 0x0x7f10f0ad16bd at Datacratic::HttpConnectionHandler::handleData(std::string const&) + 0xcd in /home/rtbkit/rtbkit/build/x86_64/bin/../bin/libservices.so + 0x916bd/home/rtbkit/rtbkit/build/x86_64/bin/../bin/libservices.so(_ZN10Datacratic21HttpConnectionHandler10handleDataERKSs+0xcd) [0x7f10f0ad16bd]
03: 0x0x7f10f0ad08bd at Datacratic::PassiveConnectionHandler::handleInput() + 0x2fd in /home/rtbkit/rtbkit/build/x86_64/bin/../bin/libservices.so + 0x908bd/home/rtbkit/rtbkit/build/x86_64/bin/../bin/libservices.so(_ZN10Datacratic24PassiveConnectionHandler11handleInputEv+0x2fd) [0x7f10f0ad08bd]
04: 0x0x7f10f0ac0356 at Datacratic::TransportBase::handleInput() + 0xe6 in /home/rtbkit/rtbkit/build/x86_64/bin/../bin/libservices.so + 0x80356/home/rtbkit/rtbkit/build/x86_64/bin/../bin/libservices.so(_ZN10Datacratic13TransportBase11handleInputEv+0xe6) [0x7f10f0ac0356]
05: 0x0x7f10f0abd197 at Datacratic::TransportBase::handleEvents() + 0x6c7 in /home/rtbkit/rtbkit/build/x86_64/bin/../bin/libservices.so + 0x7d197/home/rtbkit/rtbkit/build/x86_64/bin/../bin/libservices.so(_ZN10Datacratic13TransportBase12handleEventsEv+0x6c7) [0x7f10f0abd197]
06: 0x0x7f10f0ac3884 at Datacratic::EndpointBase::handleTransportEvent(std::shared_ptr<Datacratic::TransportBase> const&) + 0x14 in /home/rtbkit/rtbkit/build/x86_64/bin/../bin/libservices.so + 0x83884/home/rtbkit/rtbkit/build/x86_64/bin/../bin/libservices.so(_ZN10Datacratic12EndpointBase20handleTransportEventERKSt10shared_ptrINS_13TransportBaseEE+0x14) [0x7f10f0ac3884]
07: 0x0x7f10f0ac3b74 at Datacratic::EndpointBase::handleEpollEvent(epoll_event&) + 0xb4 in /home/rtbkit/rtbkit/build/x86_64/bin/../bin/libservices.so + 0x83b74/home/rtbkit/rtbkit/build/x86_64/bin/../bin/libservices.so(_ZN10Datacratic12EndpointBase16handleEpollEventER11epoll_event+0xb4) [0x7f10f0ac3b74]
08: 0x0x7f10f0ae481b at Datacratic::Epoller::handleEvents(int, int, std::function<bool (epoll_event&)> const&, std::function<void ()> const&, std::function<void ()> const&) + 0x29b in /home/rtbkit/rtbkit/build/x86_64/bin/../bin/libservices.so + 0xa481b/home/rtbkit/rtbkit/build/x86_64/bin/../bin/libservices.so(_ZN10Datacratic7Epoller12handleEventsEiiRKSt8functionIFbR11epoll_eventEERKS1_IFvvEESB_+0x29b) [0x7f10f0ae481b]
09: 0x0x7f10f0ac8151 at Datacratic::EndpointBase::runEventThread(int, int) + 0x421 in /home/rtbkit/rtbkit/build/x86_64/bin/../bin/libservices.so + 0x88151/home/rtbkit/rtbkit/build/x86_64/bin/../bin/libservices.so(_ZN10Datacratic12EndpointBase14runEventThreadEii+0x421) [0x7f10f0ac8151]
10: 0x0x7f10eebfbb9d in /home/rtbkit/local/lib/libboost_thread.so.1.52.0 + 0x10b9d/home/rtbkit/local/lib/libboost_thread.so.1.52.0(+0x10b9d) [0x7f10eebfbb9d]
11: 0x0x7f10f18cce9a in /lib/x86_64-linux-gnu/libpthread.so.0 + 0x7e9a/lib/x86_64-linux-gnu/libpthread.so.0(+0x7e9a) [0x7f10f18cce9a]
12: 0x0x7f10eff623fd at clone + 0x6d in /lib/x86_64-linux-gnu/libc.so.6 + 0xf43fd/lib/x86_64-linux-gnu/libc.so.6(clone+0x6d) [0x7f10eff623fd]

error: handler input had exception invalid verb
