2014-04-22 07:28:37.332 ZMQ ./soa/service/zmq_endpoint.cc:447 - bool Datacratic::ZmqNamedProxy::connect(const string&, Datacratic::ConnectionStyle) [1;31mconnecting to agentConfigurationService/listen[0m
wexists handler returned -101
2. returning result 
2014-04-22 07:28:37.342 ZMQ Trace ./soa/service/zmq_endpoint.cc:814 - void Datacratic::ZmqMultipleNamedClientBusProxy::watchServiceProvider(const string&, const string&) [1;31mconnecting to router.augmentationLoop / router.augmentationLoop[0m
2014-04-22 07:28:37.342 ZMQ ./soa/service/zmq_endpoint.cc:447 - bool Datacratic::ZmqNamedProxy::connect(const string&, Datacratic::ConnectionStyle) [1;31mconnecting to router.augmentationLoop/augmentors[0m
wexists handler returned -101
2. returning result 
2014-04-22 07:28:37.358 ZMQ ./soa/service/zmq_endpoint.cc:447 - bool Datacratic::ZmqNamedProxy::connect(const string&, Datacratic::ConnectionStyle) [1;31mconnecting to router.augmentationLoop/augmentors[0m
2014-04-22 07:28:37.363 ZMQ ./soa/service/zmq_endpoint.cc:447 - bool Datacratic::ZmqNamedProxy::connect(const string&, Datacratic::ConnectionStyle) [1;31mconnecting to router.augmentationLoop/augmentors[0m
2014-04-22 07:28:37.371 ZMQ ./soa/service/zmq_endpoint.cc:494 - bool Datacratic::ZmqNamedProxy::connect(const string&, Datacratic::ConnectionStyle) [1;31mconnected to tcp://ip-172-31-27-189.ec2.internal:18000[0m
2014-04-22 07:28:37.390 ZMQ ./soa/service/zmq_endpoint.cc:447 - bool Datacratic::ZmqNamedProxy::connect(const string&, Datacratic::ConnectionStyle) [1;31mconnecting to agentConfigurationService/listen[0m
wexists handler returned -101
2. returning result 
warning: could not connect to PostAuctionLoop/logger immediately
2014-04-22 07:28:37.396 ZMQ ./soa/service/zmq_endpoint.cc:494 - bool Datacratic::ZmqNamedProxy::connect(const string&, Datacratic::ConnectionStyle) [1;31mconnected to tcp://ip-172-31-27-189.ec2.internal:19000[0m
got configuration message fixed-price-agent-ex_7391

--------------------------[Exception thrown]---------------------------
time:   2014-04-22-072837
type:   ML::Exception
pid:    7385; tid: 7450
what:   creatives require an ID to be specified
stack:
00: 0x0x7f65d8947db7 at __cxa_throw + 0x27 in /home/rtbkit/rtbkit/build/x86_64/bin/../bin/libexception_hook.so + 0xdb7/home/rtbkit/rtbkit/build/x86_64/bin/../bin/libexception_hook.so(__cxa_throw+0x27) [0x7f65d8947db7]
01: 0x0x7f65d5237785 at RTBKIT::Creative::fromJson(Json::Value const&) + 0x215 in /home/rtbkit/rtbkit/build/x86_64/bin/../bin/../bin/libagent_configuration.so + 0x51785/home/rtbkit/rtbkit/build/x86_64/bin/../bin/../bin/libagent_configuration.so(_ZN6RTBKIT8Creative8fromJsonERKN4Json5ValueE+0x215) [0x7f65d5237785]
02: 0x0x7f65d5237f82 at RTBKIT::AgentConfig::createFromJson(Json::Value const&) + 0x792 in /home/rtbkit/rtbkit/build/x86_64/bin/../bin/../bin/libagent_configuration.so + 0x51f82/home/rtbkit/rtbkit/build/x86_64/bin/../bin/../bin/libagent_configuration.so(_ZN6RTBKIT11AgentConfig14createFromJsonERKN4Json5ValueE+0x792) [0x7f65d5237f82]
03: 0x0x7f65d526bb68 at RTBKIT::AgentConfigurationListener::onMessage(std::vector<std::string, std::allocator<std::string> > const&) + 0x808 in /home/rtbkit/rtbkit/build/x86_64/bin/../bin/../bin/libagent_configuration.so + 0x85b68/home/rtbkit/rtbkit/build/x86_64/bin/../bin/../bin/libagent_configuration.so(_ZN6RTBKIT26AgentConfigurationListener9onMessageERKSt6vectorISsSaISsEE+0x808) [0x7f65d526bb68]
04: 0x0x4266c4 at Datacratic::ZmqNamedClientBusProxy::handleMessage(std::vector<std::string, std::allocator<std::string> > const&) + 0xe4 in build/x86_64/bin/augmentor_ex_runner + 0x266c4build/x86_64/bin/augmentor_ex_runner(_ZN10Datacratic22ZmqNamedClientBusProxy13handleMessageERKSt6vectorISsSaISsEE+0xe4) [0x4266c4]
05: 0x0x7f65d672545b at Datacratic::ZmqEventSource::handleMessage(std::vector<std::string, std::allocator<std::string> > const&) + 0x6b in /home/rtbkit/rtbkit/build/x86_64/bin/../bin/libservices.so + 0xc645b/home/rtbkit/rtbkit/build/x86_64/bin/../bin/libservices.so(_ZN10Datacratic14ZmqEventSource13handleMessageERKSt6vectorISsSaISsEE+0x6b) [0x7f65d672545b]
06: 0x0x7f65d6725eb7 at Datacratic::ZmqEventSource::processOne() + 0x147 in /home/rtbkit/rtbkit/build/x86_64/bin/../bin/libservices.so + 0xc6eb7/home/rtbkit/rtbkit/build/x86_64/bin/../bin/libservices.so(_ZN10Datacratic14ZmqEventSource10processOneEv+0x147) [0x7f65d6725eb7]
07: 0x0x7f65d6718cca at Datacratic::MessageLoop::processOne() + 0xba in /home/rtbkit/rtbkit/build/x86_64/bin/../bin/libservices.so + 0xb9cca/home/rtbkit/rtbkit/build/x86_64/bin/../bin/libservices.so(_ZN10Datacratic11MessageLoop10processOneEv+0xba) [0x7f65d6718cca]
08: 0x0x7f65d6718cca at Datacratic::MessageLoop::processOne() + 0xba in /home/rtbkit/rtbkit/build/x86_64/bin/../bin/libservices.so + 0xb9cca/home/rtbkit/rtbkit/build/x86_64/bin/../bin/libservices.so(_ZN10Datacratic11MessageLoop10processOneEv+0xba) [0x7f65d6718cca]
09: 0x0x7f65d6718cca at Datacratic::MessageLoop::processOne() + 0xba in /home/rtbkit/rtbkit/build/x86_64/bin/../bin/libservices.so + 0xb9cca/home/rtbkit/rtbkit/build/x86_64/bin/../bin/libservices.so(_ZN10Datacratic11MessageLoop10processOneEv+0xba) [0x7f65d6718cca]
10: 0x0x7f65d6714579 at Datacratic::MessageLoop::runWorkerThread() + 0xc9 in /home/rtbkit/rtbkit/build/x86_64/bin/../bin/libservices.so + 0xb5579/home/rtbkit/rtbkit/build/x86_64/bin/../bin/libservices.so(_ZN10Datacratic11MessageLoop15runWorkerThreadEv+0xc9) [0x7f65d6714579]
11: 0x0x7f65d6714e58 in /home/rtbkit/rtbkit/build/x86_64/bin/../bin/libservices.so + 0xb5e58/home/rtbkit/rtbkit/build/x86_64/bin/../bin/libservices.so(+0xb5e58) [0x7f65d6714e58]
12: 0x0x7f65d5d42b9d in /home/rtbkit/local/lib/libboost_thread.so.1.52.0 + 0x10b9d/home/rtbkit/local/lib/libboost_thread.so.1.52.0(+0x10b9d) [0x7f65d5d42b9d]
13: 0x0x7f65d8b51e9a in /lib/x86_64-linux-gnu/libpthread.so.0 + 0x7e9a/lib/x86_64-linux-gnu/libpthread.so.0(+0x7e9a) [0x7f65d8b51e9a]
14: 0x0x7f65d75263fd at clone + 0x6d in /lib/x86_64-linux-gnu/libc.so.6 + 0xf43fd/lib/x86_64-linux-gnu/libc.so.6(clone+0x6d) [0x7f65d75263fd]


--------------------------[Exception thrown]---------------------------
time:   2014-04-22-072837
type:   ML::Exception
pid:    7385; tid: 7450
what:   parsing creative 3: creatives require an ID to be specified
stack:
00: 0x0x7f65d8947db7 at __cxa_throw + 0x27 in /home/rtbkit/rtbkit/build/x86_64/bin/../bin/libexception_hook.so + 0xdb7/home/rtbkit/rtbkit/build/x86_64/bin/../bin/libexception_hook.so(__cxa_throw+0x27) [0x7f65d8947db7]
01: 0x0x7f65d52386b3 at RTBKIT::AgentConfig::createFromJson(Json::Value const&) + 0xec3 in /home/rtbkit/rtbkit/build/x86_64/bin/../bin/../bin/libagent_configuration.so + 0x526b3/home/rtbkit/rtbkit/build/x86_64/bin/../bin/../bin/libagent_configuration.so(_ZN6RTBKIT11AgentConfig14createFromJsonERKN4Json5ValueE+0xec3) [0x7f65d52386b3]
02: 0x0x7f65d526bb68 at RTBKIT::AgentConfigurationListener::onMessage(std::vector<std::string, std::allocator<std::string> > const&) + 0x808 in /home/rtbkit/rtbkit/build/x86_64/bin/../bin/../bin/libagent_configuration.so + 0x85b68/home/rtbkit/rtbkit/build/x86_64/bin/../bin/../bin/libagent_configuration.so(_ZN6RTBKIT26AgentConfigurationListener9onMessageERKSt6vectorISsSaISsEE+0x808) [0x7f65d526bb68]
03: 0x0x4266c4 at Datacratic::ZmqNamedClientBusProxy::handleMessage(std::vector<std::string, std::allocator<std::string> > const&) + 0xe4 in build/x86_64/bin/augmentor_ex_runner + 0x266c4build/x86_64/bin/augmentor_ex_runner(_ZN10Datacratic22ZmqNamedClientBusProxy13handleMessageERKSt6vectorISsSaISsEE+0xe4) [0x4266c4]
04: 0x0x7f65d672545b at Datacratic::ZmqEventSource::handleMessage(std::vector<std::string, std::allocator<std::string> > const&) + 0x6b in /home/rtbkit/rtbkit/build/x86_64/bin/../bin/libservices.so + 0xc645b/home/rtbkit/rtbkit/build/x86_64/bin/../bin/libservices.so(_ZN10Datacratic14ZmqEventSource13handleMessageERKSt6vectorISsSaISsEE+0x6b) [0x7f65d672545b]
05: 0x0x7f65d6725eb7 at Datacratic::ZmqEventSource::processOne() + 0x147 in /home/rtbkit/rtbkit/build/x86_64/bin/../bin/libservices.so + 0xc6eb7/home/rtbkit/rtbkit/build/x86_64/bin/../bin/libservices.so(_ZN10Datacratic14ZmqEventSource10processOneEv+0x147) [0x7f65d6725eb7]
06: 0x0x7f65d6718cca at Datacratic::MessageLoop::processOne() + 0xba in /home/rtbkit/rtbkit/build/x86_64/bin/../bin/libservices.so + 0xb9cca/home/rtbkit/rtbkit/build/x86_64/bin/../bin/libservices.so(_ZN10Datacratic11MessageLoop10processOneEv+0xba) [0x7f65d6718cca]
07: 0x0x7f65d6718cca at Datacratic::MessageLoop::processOne() + 0xba in /home/rtbkit/rtbkit/build/x86_64/bin/../bin/libservices.so + 0xb9cca/home/rtbkit/rtbkit/build/x86_64/bin/../bin/libservices.so(_ZN10Datacratic11MessageLoop10processOneEv+0xba) [0x7f65d6718cca]
08: 0x0x7f65d6718cca at Datacratic::MessageLoop::processOne() + 0xba in /home/rtbkit/rtbkit/build/x86_64/bin/../bin/libservices.so + 0xb9cca/home/rtbkit/rtbkit/build/x86_64/bin/../bin/libservices.so(_ZN10Datacratic11MessageLoop10processOneEv+0xba) [0x7f65d6718cca]
09: 0x0x7f65d6714579 at Datacratic::MessageLoop::runWorkerThread() + 0xc9 in /home/rtbkit/rtbkit/build/x86_64/bin/../bin/libservices.so + 0xb5579/home/rtbkit/rtbkit/build/x86_64/bin/../bin/libservices.so(_ZN10Datacratic11MessageLoop15runWorkerThreadEv+0xc9) [0x7f65d6714579]
10: 0x0x7f65d6714e58 in /home/rtbkit/rtbkit/build/x86_64/bin/../bin/libservices.so + 0xb5e58/home/rtbkit/rtbkit/build/x86_64/bin/../bin/libservices.so(+0xb5e58) [0x7f65d6714e58]
11: 0x0x7f65d5d42b9d in /home/rtbkit/local/lib/libboost_thread.so.1.52.0 + 0x10b9d/home/rtbkit/local/lib/libboost_thread.so.1.52.0(+0x10b9d) [0x7f65d5d42b9d]
12: 0x0x7f65d8b51e9a in /lib/x86_64-linux-gnu/libpthread.so.0 + 0x7e9a/lib/x86_64-linux-gnu/libpthread.so.0(+0x7e9a) [0x7f65d8b51e9a]
13: 0x0x7f65d75263fd at clone + 0x6d in /lib/x86_64-linux-gnu/libc.so.6 + 0xf43fd/lib/x86_64-linux-gnu/libc.so.6(clone+0x6d) [0x7f65d75263fd]

exception processing source ZmqNamedClientBusProxy::doMessage
exception processing source AgentConfigurationListener::configEndpoint
exception processing source FrequencyCapAugmentor::agentConfig
terminate called after throwing an instance of 'ML::Exception'
  what():  parsing creative 3: creatives require an ID to be specified
