2014-04-22 07:25:10.291 ZMQ Trace ./soa/service/zmq_endpoint.cc:814 - void Datacratic::ZmqMultipleNamedClientBusProxy::watchServiceProvider(const string&, const string&) [1;31mconnecting to router.augmentationLoop / router.augmentationLoop[0m
2014-04-22 07:25:10.292 ZMQ ./soa/service/zmq_endpoint.cc:447 - bool Datacratic::ZmqNamedProxy::connect(const string&, Datacratic::ConnectionStyle) [1;31mconnecting to router.augmentationLoop/augmentors[0m
wexists handler returned -101
2. returning result 
2014-04-22 07:25:10.310 ZMQ ./soa/service/zmq_endpoint.cc:447 - bool Datacratic::ZmqNamedProxy::connect(const string&, Datacratic::ConnectionStyle) [1;31mconnecting to agentConfigurationService/listen[0m
wexists handler returned -101
2. returning result 
2014-04-22 07:25:10.316 ZMQ ./soa/service/zmq_endpoint.cc:447 - bool Datacratic::ZmqNamedProxy::connect(const string&, Datacratic::ConnectionStyle) [1;31mconnecting to router.augmentationLoop/augmentors[0m
2014-04-22 07:25:10.322 ZMQ ./soa/service/zmq_endpoint.cc:494 - bool Datacratic::ZmqNamedProxy::connect(const string&, Datacratic::ConnectionStyle) [1;31mconnected to tcp://ip-172-31-27-189.ec2.internal:18000[0m
2014-04-22 07:25:10.359 ZMQ ./soa/service/zmq_endpoint.cc:447 - bool Datacratic::ZmqNamedProxy::connect(const string&, Datacratic::ConnectionStyle) [1;31mconnecting to agentConfigurationService/listen[0m
2014-04-22 07:25:10.363 ZMQ ./soa/service/zmq_endpoint.cc:447 - bool Datacratic::ZmqNamedProxy::connect(const string&, Datacratic::ConnectionStyle) [1;31mconnecting to agentConfigurationService/listen[0m
wexists handler returned -101
2. returning result 
warning: could not connect to PostAuctionLoop/logger immediately
2014-04-22 07:25:10.373 ZMQ ./soa/service/zmq_endpoint.cc:494 - bool Datacratic::ZmqNamedProxy::connect(const string&, Datacratic::ConnectionStyle) [1;31mconnected to tcp://ip-172-31-27-189.ec2.internal:19000[0m
got configuration message fixed-price-agent-ex_6573
2014-04-22 07:25:40.698 ZMQ Trace ./soa/service/zmq_endpoint.cc:814 - void Datacratic::ZmqMultipleNamedClientBusProxy::watchServiceProvider(const string&, const string&) [1;31mconnecting to router.augmentationLoop / router.augmentationLoop[0m
2014-04-22 07:25:40.698 ZMQ ./soa/service/zmq_endpoint.cc:447 - bool Datacratic::ZmqNamedProxy::connect(const string&, Datacratic::ConnectionStyle) [1;31mconnecting to router.augmentationLoop/augmentors[0m
wexists handler returned -101
2. returning result 
2014-04-22 07:25:40.712 ZMQ ./soa/service/zmq_endpoint.cc:447 - bool Datacratic::ZmqNamedProxy::connect(const string&, Datacratic::ConnectionStyle) [1;31mconnecting to router.augmentationLoop/augmentors[0m
2014-04-22 07:25:40.722 ZMQ ./soa/service/zmq_endpoint.cc:447 - bool Datacratic::ZmqNamedProxy::connect(const string&, Datacratic::ConnectionStyle) [1;31mconnecting to router.augmentationLoop/augmentors[0m
2014-04-22 07:25:40.724 ZMQ ./soa/service/zmq_endpoint.cc:494 - bool Datacratic::ZmqNamedProxy::connect(const string&, Datacratic::ConnectionStyle) [1;31mconnected to tcp://ip-172-31-27-189.ec2.internal:18000[0m
2014-04-22 07:26:11.059 ZMQ Trace ./soa/service/zmq_endpoint.cc:814 - void Datacratic::ZmqMultipleNamedClientBusProxy::watchServiceProvider(const string&, const string&) [1;31mconnecting to router.augmentationLoop / router.augmentationLoop[0m
2014-04-22 07:26:11.059 ZMQ ./soa/service/zmq_endpoint.cc:447 - bool Datacratic::ZmqNamedProxy::connect(const string&, Datacratic::ConnectionStyle) [1;31mconnecting to router.augmentationLoop/augmentors[0m
wexists handler returned -101
2. returning result 
2014-04-22 07:26:11.073 ZMQ ./soa/service/zmq_endpoint.cc:447 - bool Datacratic::ZmqNamedProxy::connect(const string&, Datacratic::ConnectionStyle) [1;31mconnecting to router.augmentationLoop/augmentors[0m
2014-04-22 07:26:11.075 ZMQ ./soa/service/zmq_endpoint.cc:447 - bool Datacratic::ZmqNamedProxy::connect(const string&, Datacratic::ConnectionStyle) [1;31mconnecting to router.augmentationLoop/augmentors[0m
2014-04-22 07:26:11.077 ZMQ ./soa/service/zmq_endpoint.cc:494 - bool Datacratic::ZmqNamedProxy::connect(const string&, Datacratic::ConnectionStyle) [1;31mconnected to tcp://ip-172-31-27-189.ec2.internal:18000[0m
2014-04-22 07:26:41.437 ZMQ Trace ./soa/service/zmq_endpoint.cc:814 - void Datacratic::ZmqMultipleNamedClientBusProxy::watchServiceProvider(const string&, const string&) [1;31mconnecting to router.augmentationLoop / router.augmentationLoop[0m
2014-04-22 07:26:41.437 ZMQ ./soa/service/zmq_endpoint.cc:447 - bool Datacratic::ZmqNamedProxy::connect(const string&, Datacratic::ConnectionStyle) [1;31mconnecting to router.augmentationLoop/augmentors[0m
wexists handler returned -101
2. returning result 
2014-04-22 07:26:41.452 ZMQ ./soa/service/zmq_endpoint.cc:447 - bool Datacratic::ZmqNamedProxy::connect(const string&, Datacratic::ConnectionStyle) [1;31mconnecting to router.augmentationLoop/augmentors[0m
2014-04-22 07:26:41.456 ZMQ ./soa/service/zmq_endpoint.cc:494 - bool Datacratic::ZmqNamedProxy::connect(const string&, Datacratic::ConnectionStyle) [1;31mconnected to tcp://ip-172-31-27-189.ec2.internal:18000[0m
