connecting to Carbon at 127.0.0.1:2003 (localhost)
wexists handler returned -101
2. returning result 
2014-04-22 07:07:10.579 ZMQ ./soa/service/zmq_endpoint.cc:447 - bool Datacratic::ZmqNamedProxy::connect(const string&, Datacratic::ConnectionStyle) [1;31mconnecting to agentConfigurationService/listen[0m
wexists handler returned -101
2. returning result 
2014-04-22 07:07:10.605 ZMQ Trace ./soa/service/zmq_endpoint.cc:814 - void Datacratic::ZmqMultipleNamedClientBusProxy::watchServiceProvider(const string&, const string&) [1;31mconnecting to router.augmentationLoop / router.augmentationLoop[0m
2014-04-22 07:07:10.605 ZMQ ./soa/service/zmq_endpoint.cc:447 - bool Datacratic::ZmqNamedProxy::connect(const string&, Datacratic::ConnectionStyle) [1;31mconnecting to router.augmentationLoop/augmentors[0m
wexists handler returned -101
2. returning result 
wexists handler returned -101
2. returning result 
2014-04-22 07:07:10.630 ZMQ ./soa/service/zmq_endpoint.cc:447 - bool Datacratic::ZmqNamedProxy::connect(const string&, Datacratic::ConnectionStyle) [1;31mconnecting to router.augmentationLoop/augmentors[0m
2014-04-22 07:07:10.642 ZMQ ./soa/service/zmq_endpoint.cc:447 - bool Datacratic::ZmqNamedProxy::connect(const string&, Datacratic::ConnectionStyle) [1;31mconnecting to router.augmentationLoop/augmentors[0m
wexists handler returned -101
2. returning result 
warning: could not connect to PostAuctionLoop/logger immediately
2014-04-22 07:07:10.652 ZMQ ./soa/service/zmq_endpoint.cc:494 - bool Datacratic::ZmqNamedProxy::connect(const string&, Datacratic::ConnectionStyle) [1;31mconnected to tcp://ip-172-31-27-189.ec2.internal:18000[0m
2014-04-22 07:07:10.660 ZMQ ./soa/service/zmq_endpoint.cc:447 - bool Datacratic::ZmqNamedProxy::connect(const string&, Datacratic::ConnectionStyle) [1;31mconnecting to agentConfigurationService/listen[0m
2014-04-22 07:07:10.670 ZMQ ./soa/service/zmq_endpoint.cc:494 - bool Datacratic::ZmqNamedProxy::connect(const string&, Datacratic::ConnectionStyle) [1;31mconnected to tcp://ip-172-31-27-189.ec2.internal:19000[0m
got configuration message fixed-price-agent-ex_4303
need to disconenct from rtbPostAuctionService serviceClass/rtbPostAuctionService/PostAuctionLoop logger
warning: could not connect to PostAuctionLoop/logger immediately
got configuration message fixed-price-agent-ex_4303
