2014-04-22 07:25:10.241 ZMQ ./soa/service/zmq_endpoint.cc:447 - bool Datacratic::ZmqNamedProxy::connect(const string&, Datacratic::ConnectionStyle) [1;31mconnecting to monitor/zeromq[0m
wexists handler returned -101
2. returning result 
file ./logs/data//2014-04-22/errors-2014-04-22-11:00:00.log exists; disambiguating
file ./logs/data//2014-04-22/errors-2014-04-22-11:00:00.1.log exists; disambiguating
file ./logs/data//2014-04-22/errors-2014-04-22-11:00:00.2.log exists; disambiguating
file ./logs/data//2014-04-22/errors-2014-04-22-11:00:00.3.log exists; disambiguating
file ./logs/data//2014-04-22/errors-2014-04-22-11:00:00.4.log exists; disambiguating
file ./logs/data//2014-04-22/errors-2014-04-22-11:00:00.5.log exists; disambiguating
file ./logs/data//2014-04-22/errors-2014-04-22-11:00:00.6.log exists; disambiguating
opening file ./logs/data//2014-04-22/errors-2014-04-22-11:00:00.7.log with append 0
  0 ./logs/data//%F/ -1
  2  16
  0 / -1
  2  4
  0 / -1
  1  -1
  0 -%T.log.gz -1
  0 ./logs/data//%F/ -1
  2  9
  0 / -1
  2  10
  0 / -1
  1  -1
  0 -%T.log.gz -1
2014-04-22 07:25:10.268 ZMQ ./soa/service/zmq_endpoint.cc:447 - bool Datacratic::ZmqNamedProxy::connect(const string&, Datacratic::ConnectionStyle) [1;31mconnecting to monitor/zeromq[0m
2014-04-22 07:25:10.286 ZMQ ./soa/service/zmq_endpoint.cc:494 - bool Datacratic::ZmqNamedProxy::connect(const string&, Datacratic::ConnectionStyle) [1;31mconnected to tcp://ip-172-31-27-189.ec2.internal:24000[0m
wexists handler returned -101
2. returning result 
warning: could not connect to router/logger immediately
wexists handler returned -101
2. returning result 
warning: could not connect to PostAuctionLoop/logger immediately
need to disconenct from rtbRequestRouter serviceClass/rtbRequestRouter/router logger
warning: could not connect to router/logger immediately
wexists handler returned -101
2. returning result 
warning: could not connect to router/logger immediately
we already had a connection entry to service serviceClass/rtbRequestRouter/router - reuse 
wexists handler returned -101
2. returning result 
warning: could not connect to router immediately
warning: could not connect to router immediately
warning: could not connect to router immediately
need to disconenct from rtbRequestRouter serviceClass/rtbRequestRouter/router logger
warning: could not connect to router/logger immediately
wexists handler returned -101
2. returning result 
warning: could not connect to router/logger immediately
warning: could not connect to router immediately
wexists handler returned -101
2. returning result 
warning: could not connect to router immediately
we already had a connection entry to service serviceClass/rtbRequestRouter/router - reuse 
warning: could not connect to router immediately
warning: could not connect to router immediately
need to disconenct from rtbRequestRouter serviceClass/rtbRequestRouter/router logger
warning: could not connect to router/logger immediately
wexists handler returned -101
2. returning result 
warning: could not connect to router/logger immediately
warning: could not connect to router immediately
wexists handler returned -101
2. returning result 
warning: could not connect to router immediately
we already had a connection entry to service serviceClass/rtbRequestRouter/router - reuse 
warning: could not connect to router immediately
warning: could not connect to router immediately
need to disconenct from rtbRequestRouter serviceClass/rtbRequestRouter/router logger
warning: could not connect to router/logger immediately
