2014-04-22 07:41:57.312 ZMQ ./soa/service/zmq_endpoint.cc:447 - bool Datacratic::ZmqNamedProxy::connect(const string&, Datacratic::ConnectionStyle) [1;31mconnecting to monitor/zeromq[0m
2014-04-22 07:41:57.320 ZMQ ./soa/service/zmq_endpoint.cc:494 - bool Datacratic::ZmqNamedProxy::connect(const string&, Datacratic::ConnectionStyle) [1;31mconnected to tcp://ip-172-31-27-189.ec2.internal:24000[0m
file ./logs/data//2014-04-22/errors-2014-04-22-11:00:00.log exists; disambiguating
file ./logs/data//2014-04-22/errors-2014-04-22-11:00:00.1.log exists; disambiguating
file ./logs/data//2014-04-22/errors-2014-04-22-11:00:00.2.log exists; disambiguating
file ./logs/data//2014-04-22/errors-2014-04-22-11:00:00.3.log exists; disambiguating
file ./logs/data//2014-04-22/errors-2014-04-22-11:00:00.4.log exists; disambiguating
file ./logs/data//2014-04-22/errors-2014-04-22-11:00:00.5.log exists; disambiguating
file ./logs/data//2014-04-22/errors-2014-04-22-11:00:00.6.log exists; disambiguating
file ./logs/data//2014-04-22/errors-2014-04-22-11:00:00.7.log exists; disambiguating
file ./logs/data//2014-04-22/errors-2014-04-22-11:00:00.8.log exists; disambiguating
file ./logs/data//2014-04-22/errors-2014-04-22-11:00:00.9.log exists; disambiguating
opening file ./logs/data//2014-04-22/errors-2014-04-22-11:00:00.10.log with append 0
  0 ./logs/data//%F/ -1
  2  16
  0 / -1
  2  4
  0 / -1
  1  -1
  0 -%T.log.gz -1
  0 ./logs/data//%F/ -1
  2  9
  0 / -1
  2  10
  0 / -1
  1  -1
  0 -%T.log.gz -1
wexists handler returned -101
2. returning result 
warning: could not connect to adServer/logger immediately
wexists handler returned -101
2. returning result 
wexists handler returned -101
2. returning result 
warning: could not connect to PostAuctionLoop/logger immediately
warning: could not connect to router/logger immediately
need to disconenct from rtbRequestRouter serviceClass/rtbRequestRouter/router logger
need to disconenct from rtbPostAuctionService serviceClass/rtbPostAuctionService/PostAuctionLoop logger
need to disconenct from adServer serviceClass/adServer/adServer logger
2014-04-22 07:42:27.629 ZMQ ./soa/service/zmq_endpoint.cc:447 - bool Datacratic::ZmqNamedProxy::connect(const string&, Datacratic::ConnectionStyle) [1;31mconnecting to monitor/zeromq[0m
wexists handler returned -101
2. returning result 
2014-04-22 07:42:27.651 ZMQ ./soa/service/zmq_endpoint.cc:447 - bool Datacratic::ZmqNamedProxy::connect(const string&, Datacratic::ConnectionStyle) [1;31mconnecting to monitor/zeromq[0m
2014-04-22 07:42:27.654 ZMQ ./soa/service/zmq_endpoint.cc:447 - bool Datacratic::ZmqNamedProxy::connect(const string&, Datacratic::ConnectionStyle) [1;31mconnecting to monitor/zeromq[0m
2014-04-22 07:42:27.655 ZMQ ./soa/service/zmq_endpoint.cc:494 - bool Datacratic::ZmqNamedProxy::connect(const string&, Datacratic::ConnectionStyle) [1;31mconnected to tcp://ip-172-31-27-189.ec2.internal:24000[0m
