bound tcp for http port 9987
monitor is listening on tcp://*:24000,http://0.0.0.0:9987
serviceClass/rtbAgentConfiguration/agentConfigurationService --> {"serviceLocation":"mtl","serviceName":"agentConfigurationService","servicePath":"agentConfigurationService"}
serviceClass/monitor/monitor --> {"serviceLocation":"mtl","serviceName":"monitor","servicePath":"monitor"}
serviceClass/rtbRequestRouter/router --> {"serviceLocation":"mtl","serviceName":"router","servicePath":"router"}
serviceClass/adServer/adServer --> {"serviceLocation":"mtl","serviceName":"adServer","servicePath":"adServer"}
serviceClass/rtbBanker/masterBanker --> {"serviceLocation":"mtl","serviceName":"masterBanker","servicePath":"masterBanker"}
serviceClass/rtbRouterAugmentation/router.augmentationLoop --> {"serviceLocation":"mtl","serviceName":"router.augmentationLoop","servicePath":"router.augmentationLoop"}
serviceClass/rtbPostAuctionService/PostAuctionLoop --> {"serviceLocation":"mtl","serviceName":"PostAuctionLoop","servicePath":"PostAuctionLoop"}
monitor/http/tcp --> [{"httpUri":"http://127.0.0.1:9987","transports":[{"addr":"127.0.0.1","hostScope":"ip-172-31-27-189.ec2.internal","name":"tcp","port":9987},{"name":"http","uri":"http://127.0.0.1:9987"}]},{"httpUri":"http://172.31.27.189:9987","transports":[{"addr":"172.31.27.189","hostScope":"*","name":"tcp","port":9987},{"name":"http","uri":"http://172.31.27.189:9987"}]}]
monitor/zeromq/tcp --> [{"transports":[{"addr":"127.0.0.1","hostScope":"ip-172-31-27-189.ec2.internal","name":"tcp","port":24000},{"name":"zeromq","socketType":6,"uri":"tcp://127.0.0.1:24000"}],"zmqConnectUri":"tcp://127.0.0.1:24000"},{"transports":[{"addr":"172.31.27.189","hostScope":"*","name":"tcp","port":24000},{"name":"zeromq","socketType":6,"uri":"tcp://ip-172-31-27-189.ec2.internal:24000"}],"zmqConnectUri":"tcp://ip-172-31-27-189.ec2.internal:24000"}]
masterBanker/http/tcp --> [{"httpUri":"http://127.0.0.1:9985","transports":[{"addr":"127.0.0.1","hostScope":"ip-172-31-27-189.ec2.internal","name":"tcp","port":9985},{"name":"http","uri":"http://127.0.0.1:9985"}]},{"httpUri":"http://172.31.27.189:9985","transports":[{"addr":"172.31.27.189","hostScope":"*","name":"tcp","port":9985},{"name":"http","uri":"http://172.31.27.189:9985"}]}]
masterBanker/zeromq/tcp --> [{"transports":[{"addr":"127.0.0.1","hostScope":"ip-172-31-27-189.ec2.internal","name":"tcp","port":22000},{"name":"zeromq","socketType":6,"uri":"tcp://127.0.0.1:22000"}],"zmqConnectUri":"tcp://127.0.0.1:22000"},{"transports":[{"addr":"172.31.27.189","hostScope":"*","name":"tcp","port":22000},{"name":"zeromq","socketType":6,"uri":"tcp://ip-172-31-27-189.ec2.internal:22000"}],"zmqConnectUri":"tcp://ip-172-31-27-189.ec2.internal:22000"}]
adServer/logger/tcp --> [{"transports":[{"addr":"127.0.0.1","hostScope":"ip-172-31-27-189.ec2.internal","name":"tcp","port":25000},{"name":"zeromq","socketType":9,"uri":"tcp://127.0.0.1:25000"}],"zmqConnectUri":"tcp://127.0.0.1:25000"},{"transports":[{"addr":"172.31.27.189","hostScope":"*","name":"tcp","port":25000},{"name":"zeromq","socketType":9,"uri":"tcp://ip-172-31-27-189.ec2.internal:25000"}],"zmqConnectUri":"tcp://ip-172-31-27-189.ec2.internal:25000"}]


rtbAgentConfiguration: 
    agentConfigurationService OK  2014-04-22 11:25:19  Alive
rtbBanker: 
    masterBanker         OK  2014-04-22 11:25:19  Banker persistence: OK
rtbDataLogger: 
    data_logger          OK  2014-04-22 11:25:19  Alive
rtbPostAuctionService: 
    PostAuctionLoop      ERR 2014-04-22 11:25:19  WinLoss pipe: ERROR, CampaignEvent pipe: ERROR
rtbRequestRouter: 


rtbAgentConfiguration: 
    agentConfigurationService OK  2014-04-22 11:25:29  Alive
rtbBanker: 
    masterBanker         OK  2014-04-22 11:25:29  Banker persistence: OK
rtbDataLogger: 
    data_logger          OK  2014-04-22 11:25:29  Alive
rtbPostAuctionService: 
    PostAuctionLoop      ERR 2014-04-22 11:25:29  WinLoss pipe: ERROR, CampaignEvent pipe: ERROR
rtbRequestRouter: 


rtbAgentConfiguration: 
    agentConfigurationService OK  2014-04-22 11:25:39  Alive
rtbBanker: 
    masterBanker         OK  2014-04-22 11:25:39  Banker persistence: OK
rtbDataLogger: 
    data_logger          OK  2014-04-22 11:25:39  Alive
rtbPostAuctionService: 
    PostAuctionLoop      ERR 2014-04-22 11:25:39  WinLoss pipe: ERROR, CampaignEvent pipe: ERROR
rtbRequestRouter: 


rtbAgentConfiguration: 
    agentConfigurationService OK  2014-04-22 11:25:49  Alive
rtbBanker: 
    masterBanker         OK  2014-04-22 11:25:49  Banker persistence: OK
rtbDataLogger: 
    data_logger          OK  2014-04-22 11:25:49  Alive
rtbPostAuctionService: 
    PostAuctionLoop      ERR 2014-04-22 11:25:49  WinLoss pipe: ERROR, CampaignEvent pipe: ERROR
rtbRequestRouter: 


rtbAgentConfiguration: 
    agentConfigurationService OK  2014-04-22 11:25:59  Alive
rtbBanker: 
    masterBanker         OK  2014-04-22 11:25:59  Banker persistence: OK
rtbDataLogger: 
    data_logger          OK  2014-04-22 11:25:59  Alive
rtbPostAuctionService: 
    PostAuctionLoop      ERR 2014-04-22 11:25:59  WinLoss pipe: ERROR, CampaignEvent pipe: ERROR
rtbRequestRouter: 


rtbAgentConfiguration: 
    agentConfigurationService OK  2014-04-22 11:26:09  Alive
rtbBanker: 
    masterBanker         OK  2014-04-22 11:26:09  Banker persistence: OK
rtbDataLogger: 
    data_logger          OK  2014-04-22 11:26:09  Alive
rtbPostAuctionService: 
    PostAuctionLoop      ERR 2014-04-22 11:26:09  WinLoss pipe: ERROR, CampaignEvent pipe: ERROR
rtbRequestRouter: 


rtbAgentConfiguration: 
    agentConfigurationService OK  2014-04-22 11:26:19  Alive
rtbBanker: 
    masterBanker         OK  2014-04-22 11:26:19  Banker persistence: OK
rtbDataLogger: 
    data_logger          OK  2014-04-22 11:26:19  Alive
rtbPostAuctionService: 
    PostAuctionLoop      ERR 2014-04-22 11:26:19  WinLoss pipe: ERROR, CampaignEvent pipe: ERROR
rtbRequestRouter: 


rtbAgentConfiguration: 
    agentConfigurationService OK  2014-04-22 11:26:29  Alive
rtbBanker: 
    masterBanker         OK  2014-04-22 11:26:29  Banker persistence: OK
rtbDataLogger: 
    data_logger          OK  2014-04-22 11:26:29  Alive
rtbPostAuctionService: 
    PostAuctionLoop      ERR 2014-04-22 11:26:29  WinLoss pipe: ERROR, CampaignEvent pipe: ERROR
rtbRequestRouter: 


rtbAgentConfiguration: 
    agentConfigurationService OK  2014-04-22 11:26:39  Alive
rtbBanker: 
    masterBanker         OK  2014-04-22 11:26:39  Banker persistence: OK
rtbDataLogger: 
    data_logger          OK  2014-04-22 11:26:39  Alive
rtbPostAuctionService: 
    PostAuctionLoop      ERR 2014-04-22 11:26:39  WinLoss pipe: ERROR, CampaignEvent pipe: ERROR
rtbRequestRouter: 


rtbAgentConfiguration: 
    agentConfigurationService OK  2014-04-22 11:26:49  Alive
rtbBanker: 
    masterBanker         OK  2014-04-22 11:26:49  Banker persistence: OK
rtbDataLogger: 
    data_logger          OK  2014-04-22 11:26:49  Alive
rtbPostAuctionService: 
    PostAuctionLoop      ERR 2014-04-22 11:26:49  WinLoss pipe: ERROR, CampaignEvent pipe: ERROR
rtbRequestRouter: 


rtbAgentConfiguration: 
    agentConfigurationService OK  2014-04-22 11:26:59  Alive
rtbBanker: 
    masterBanker         OK  2014-04-22 11:26:59  Banker persistence: OK
rtbDataLogger: 
    data_logger          OK  2014-04-22 11:26:59  Alive
rtbPostAuctionService: 
    PostAuctionLoop      ERR 2014-04-22 11:26:59  WinLoss pipe: ERROR, CampaignEvent pipe: ERROR
rtbRequestRouter: 
