connecting to Carbon at 127.0.0.1:2003 (localhost)
post auction logger on PostAuctionLoop/logger
2014-04-22 07:09:30.272 ZMQ ./soa/service/zmq_endpoint.cc:447 - bool Datacratic::ZmqNamedProxy::connect(const string&, Datacratic::ConnectionStyle) [1;31mconnecting to agentConfigurationService/listen[0m
2014-04-22 07:09:30.275 ZMQ ./soa/service/zmq_endpoint.cc:494 - bool Datacratic::ZmqNamedProxy::connect(const string&, Datacratic::ConnectionStyle) [1;31mconnected to tcp://ip-172-31-27-189.ec2.internal:19000[0m
2014-04-22 07:09:30.277 ZMQ ./soa/service/zmq_endpoint.cc:447 - bool Datacratic::ZmqNamedProxy::connect(const string&, Datacratic::ConnectionStyle) [1;31mconnecting to monitor/zeromq[0m
2014-04-22 07:09:30.278 ZMQ ./soa/service/zmq_endpoint.cc:494 - bool Datacratic::ZmqNamedProxy::connect(const string&, Datacratic::ConnectionStyle) [1;31mconnected to tcp://ip-172-31-27-189.ec2.internal:24000[0m
wexists handler returned -101
2. returning result 
 checking 0 submitted auctions for inferred loss
 checking 0 finished auctions for expiry
 checking 0 submitted auctions for inferred loss
 checking 0 finished auctions for expiry
 checking 0 submitted auctions for inferred loss
 checking 0 finished auctions for expiry
 checking 0 submitted auctions for inferred loss
 checking 0 finished auctions for expiry
 checking 0 submitted auctions for inferred loss
 checking 0 finished auctions for expiry
 checking 0 submitted auctions for inferred loss
 checking 0 finished auctions for expiry
 checking 0 submitted auctions for inferred loss
 checking 0 finished auctions for expiry
 checking 0 submitted auctions for inferred loss
 checking 0 finished auctions for expiry
 checking 0 submitted auctions for inferred loss
 checking 0 finished auctions for expiry
 checking 0 submitted auctions for inferred loss
 checking 0 finished auctions for expiry
 checking 0 submitted auctions for inferred loss
 checking 0 finished auctions for expiry
 checking 0 submitted auctions for inferred loss
 checking 0 finished auctions for expiry
 checking 0 submitted auctions for inferred loss
 checking 0 finished auctions for expiry
 checking 0 submitted auctions for inferred loss
 checking 0 finished auctions for expiry
 checking 0 submitted auctions for inferred loss
 checking 0 finished auctions for expiry
 checking 0 submitted auctions for inferred loss
 checking 0 finished auctions for expiry
 checking 0 submitted auctions for inferred loss
 checking 0 finished auctions for expiry
 checking 0 submitted auctions for inferred loss
 checking 0 finished auctions for expiry
 checking 0 submitted auctions for inferred loss
 checking 0 finished auctions for expiry
 checking 0 submitted auctions for inferred loss
 checking 0 finished auctions for expiry
