connecting to Carbon at 127.0.0.1:2003 (localhost)
post auction logger on PostAuctionLoop/logger
2014-04-22 07:08:30.032 ZMQ ./soa/service/zmq_endpoint.cc:447 - bool Datacratic::ZmqNamedProxy::connect(const string&, Datacratic::ConnectionStyle) [1;31mconnecting to agentConfigurationService/listen[0m
wexists handler returned -101
2. returning result 
2014-04-22 07:08:30.046 ZMQ ./soa/service/zmq_endpoint.cc:447 - bool Datacratic::ZmqNamedProxy::connect(const string&, Datacratic::ConnectionStyle) [1;31mconnecting to monitor/zeromq[0m
2014-04-22 07:08:30.050 ZMQ ./soa/service/zmq_endpoint.cc:494 - bool Datacratic::ZmqNamedProxy::connect(const string&, Datacratic::ConnectionStyle) [1;31mconnected to tcp://ip-172-31-27-189.ec2.internal:24000[0m
2014-04-22 07:08:30.053 ZMQ ./soa/service/zmq_endpoint.cc:447 - bool Datacratic::ZmqNamedProxy::connect(const string&, Datacratic::ConnectionStyle) [1;31mconnecting to agentConfigurationService/listen[0m
wexists handler returned -101
2. returning result 
2014-04-22 07:08:30.057 ZMQ ./soa/service/zmq_endpoint.cc:447 - bool Datacratic::ZmqNamedProxy::connect(const string&, Datacratic::ConnectionStyle) [1;31mconnecting to agentConfigurationService/listen[0m
2014-04-22 07:08:30.062 ZMQ ./soa/service/zmq_endpoint.cc:494 - bool Datacratic::ZmqNamedProxy::connect(const string&, Datacratic::ConnectionStyle) [1;31mconnected to tcp://ip-172-31-27-189.ec2.internal:19000[0m
got configuration message fixed-price-agent-ex_4567
********* calling addSpendAccount for hello:world for SlaveBanker PostAuctionLoop.slaveBanker
error: exception in context Banker addSpendAccount
error: exception in context Banker addSpendAccount
error: exception in context Banker addSpendAccount
error: exception in context Banker addSpendAccount
exception processing source RestProxy::operationQueue
exception processing source slave-banker
terminate called after throwing an instance of 'ML::Exception'
  what():  connection to '' is unavailable
