post auction logger on PostAuctionLoop/logger
2014-04-22 07:21:12.840 ZMQ ./soa/service/zmq_endpoint.cc:447 - bool Datacratic::ZmqNamedProxy::connect(const string&, Datacratic::ConnectionStyle) [1;31mconnecting to agentConfigurationService/listen[0m
wexists handler returned -101
2. returning result 
2014-04-22 07:21:12.859 ZMQ ./soa/service/zmq_endpoint.cc:447 - bool Datacratic::ZmqNamedProxy::connect(const string&, Datacratic::ConnectionStyle) [1;31mconnecting to monitor/zeromq[0m
2014-04-22 07:21:12.860 ZMQ ./soa/service/zmq_endpoint.cc:447 - bool Datacratic::ZmqNamedProxy::connect(const string&, Datacratic::ConnectionStyle) [1;31mconnecting to agentConfigurationService/listen[0m
2014-04-22 07:21:12.863 ZMQ ./soa/service/zmq_endpoint.cc:447 - bool Datacratic::ZmqNamedProxy::connect(const string&, Datacratic::ConnectionStyle) [1;31mconnecting to agentConfigurationService/listen[0m
2014-04-22 07:21:12.867 ZMQ ./soa/service/zmq_endpoint.cc:494 - bool Datacratic::ZmqNamedProxy::connect(const string&, Datacratic::ConnectionStyle) [1;31mconnected to tcp://ip-172-31-27-189.ec2.internal:19000[0m
2014-04-22 07:21:12.867 ZMQ ./soa/service/zmq_endpoint.cc:494 - bool Datacratic::ZmqNamedProxy::connect(const string&, Datacratic::ConnectionStyle) [1;31mconnected to tcp://ip-172-31-27-189.ec2.internal:24000[0m
2014-04-22 07:21:12.872 ZMQ ./soa/service/zmq_endpoint.cc:447 - bool Datacratic::ZmqNamedProxy::connect(const string&, Datacratic::ConnectionStyle) [1;31mconnecting to masterBanker/zeromq[0m
2014-04-22 07:21:12.876 ZMQ ./soa/service/zmq_endpoint.cc:494 - bool Datacratic::ZmqNamedProxy::connect(const string&, Datacratic::ConnectionStyle) [1;31mconnected to tcp://ip-172-31-27-189.ec2.internal:22000[0m
got configuration message fixed-price-agent-ex_5886
********* calling addSpendAccount for hello:world for SlaveBanker PostAuctionLoop.slaveBanker
 checking 0 submitted auctions for inferred loss
 checking 0 finished auctions for expiry
 checking 0 submitted auctions for inferred loss
 checking 0 finished auctions for expiry
 checking 0 submitted auctions for inferred loss
 checking 0 finished auctions for expiry
 checking 0 submitted auctions for inferred loss
 checking 0 finished auctions for expiry
 checking 0 submitted auctions for inferred loss
 checking 0 finished auctions for expiry
 checking 0 submitted auctions for inferred loss
 checking 0 finished auctions for expiry
 checking 0 submitted auctions for inferred loss
 checking 0 finished auctions for expiry
 checking 0 submitted auctions for inferred loss
 checking 0 finished auctions for expiry
 checking 0 submitted auctions for inferred loss
 checking 0 finished auctions for expiry
 checking 0 submitted auctions for inferred loss
 checking 0 finished auctions for expiry
 checking 0 submitted auctions for inferred loss
 checking 0 finished auctions for expiry
 checking 0 submitted auctions for inferred loss
 checking 0 finished auctions for expiry
 checking 0 submitted auctions for inferred loss
 checking 0 finished auctions for expiry
 checking 0 submitted auctions for inferred loss
 checking 0 finished auctions for expiry
 checking 0 submitted auctions for inferred loss
 checking 0 finished auctions for expiry
 checking 0 submitted auctions for inferred loss
 checking 0 finished auctions for expiry
 checking 0 submitted auctions for inferred loss
 checking 0 finished auctions for expiry
 checking 0 submitted auctions for inferred loss
 checking 0 finished auctions for expiry
 checking 0 submitted auctions for inferred loss
 checking 0 finished auctions for expiry
 checking 0 submitted auctions for inferred loss
 checking 0 finished auctions for expiry
 checking 0 submitted auctions for inferred loss
 checking 0 finished auctions for expiry
 checking 0 submitted auctions for inferred loss
 checking 0 finished auctions for expiry
 checking 0 submitted auctions for inferred loss
 checking 0 finished auctions for expiry
 checking 0 submitted auctions for inferred loss
 checking 0 finished auctions for expiry
 checking 0 submitted auctions for inferred loss
 checking 0 finished auctions for expiry
 checking 0 submitted auctions for inferred loss
 checking 0 finished auctions for expiry
 checking 0 submitted auctions for inferred loss
 checking 0 finished auctions for expiry
 checking 0 submitted auctions for inferred loss
 checking 0 finished auctions for expiry
 checking 0 submitted auctions for inferred loss
 checking 0 finished auctions for expiry
 checking 0 submitted auctions for inferred loss
 checking 0 finished auctions for expiry
 checking 0 submitted auctions for inferred loss
 checking 0 finished auctions for expiry
 checking 0 submitted auctions for inferred loss
 checking 0 finished auctions for expiry
 checking 0 submitted auctions for inferred loss
 checking 0 finished auctions for expiry
 checking 0 submitted auctions for inferred loss
 checking 0 finished auctions for expiry
 checking 0 submitted auctions for inferred loss
 checking 0 finished auctions for expiry
 checking 0 submitted auctions for inferred loss
 checking 0 finished auctions for expiry
 checking 0 submitted auctions for inferred loss
 checking 0 finished auctions for expiry
 checking 0 submitted auctions for inferred loss
 checking 0 finished auctions for expiry
 checking 0 submitted auctions for inferred loss
 checking 0 finished auctions for expiry
 checking 0 submitted auctions for inferred loss
 checking 0 finished auctions for expiry
 checking 0 submitted auctions for inferred loss
 checking 0 finished auctions for expiry
 checking 0 submitted auctions for inferred loss
 checking 0 finished auctions for expiry
 checking 0 submitted auctions for inferred loss
 checking 0 finished auctions for expiry
 checking 0 submitted auctions for inferred loss
 checking 0 finished auctions for expiry
 checking 0 submitted auctions for inferred loss
 checking 0 finished auctions for expiry
 checking 0 submitted auctions for inferred loss
 checking 0 finished auctions for expiry
 checking 0 submitted auctions for inferred loss
 checking 0 finished auctions for expiry
 checking 0 submitted auctions for inferred loss
 checking 0 finished auctions for expiry
 checking 0 submitted auctions for inferred loss
 checking 0 finished auctions for expiry
 checking 0 submitted auctions for inferred loss
 checking 0 finished auctions for expiry
 checking 0 submitted auctions for inferred loss
 checking 0 finished auctions for expiry
 checking 0 submitted auctions for inferred loss
 checking 0 finished auctions for expiry
 checking 0 submitted auctions for inferred loss
 checking 0 finished auctions for expiry
 checking 0 submitted auctions for inferred loss
 checking 0 finished auctions for expiry
 checking 0 submitted auctions for inferred loss
 checking 0 finished auctions for expiry
 checking 0 submitted auctions for inferred loss
 checking 0 finished auctions for expiry
 checking 0 submitted auctions for inferred loss
 checking 0 finished auctions for expiry
 checking 0 submitted auctions for inferred loss
 checking 0 finished auctions for expiry
 checking 0 submitted auctions for inferred loss
 checking 0 finished auctions for expiry
 checking 0 submitted auctions for inferred loss
 checking 0 finished auctions for expiry
 checking 0 submitted auctions for inferred loss
 checking 0 finished auctions for expiry
 checking 0 submitted auctions for inferred loss
 checking 0 finished auctions for expiry
 checking 0 submitted auctions for inferred loss
 checking 0 finished auctions for expiry
 checking 0 submitted auctions for inferred loss
 checking 0 finished auctions for expiry
 checking 0 submitted auctions for inferred loss
 checking 0 finished auctions for expiry
 checking 0 submitted auctions for inferred loss
 checking 0 finished auctions for expiry
 checking 0 submitted auctions for inferred loss
 checking 0 finished auctions for expiry
 checking 0 submitted auctions for inferred loss
 checking 0 finished auctions for expiry
 checking 0 submitted auctions for inferred loss
 checking 0 finished auctions for expiry
 checking 0 submitted auctions for inferred loss
 checking 0 finished auctions for expiry
 checking 0 submitted auctions for inferred loss
 checking 0 finished auctions for expiry
 checking 0 submitted auctions for inferred loss
 checking 0 finished auctions for expiry
 checking 0 submitted auctions for inferred loss
 checking 0 finished auctions for expiry
 checking 0 submitted auctions for inferred loss
 checking 0 finished auctions for expiry
 checking 0 submitted auctions for inferred loss
 checking 0 finished auctions for expiry
 checking 0 submitted auctions for inferred loss
 checking 0 finished auctions for expiry
 checking 0 submitted auctions for inferred loss
 checking 0 finished auctions for expiry
 checking 0 submitted auctions for inferred loss
 checking 0 finished auctions for expiry
 checking 0 submitted auctions for inferred loss
 checking 0 finished auctions for expiry
 checking 0 submitted auctions for inferred loss
 checking 0 finished auctions for expiry
 checking 0 submitted auctions for inferred loss
 checking 0 finished auctions for expiry
 checking 0 submitted auctions for inferred loss
 checking 0 finished auctions for expiry
 checking 0 submitted auctions for inferred loss
 checking 0 finished auctions for expiry
 checking 0 submitted auctions for inferred loss
 checking 0 finished auctions for expiry
 checking 0 submitted auctions for inferred loss
 checking 0 finished auctions for expiry
 checking 0 submitted auctions for inferred loss
 checking 0 finished auctions for expiry
 checking 0 submitted auctions for inferred loss
 checking 0 finished auctions for expiry
 checking 0 submitted auctions for inferred loss
 checking 0 finished auctions for expiry
 checking 0 submitted auctions for inferred loss
 checking 0 finished auctions for expiry
 checking 0 submitted auctions for inferred loss
 checking 0 finished auctions for expiry
 checking 0 submitted auctions for inferred loss
 checking 0 finished auctions for expiry
 checking 0 submitted auctions for inferred loss
 checking 0 finished auctions for expiry
 checking 0 submitted auctions for inferred loss
 checking 0 finished auctions for expiry
 checking 0 submitted auctions for inferred loss
 checking 0 finished auctions for expiry
 checking 0 submitted auctions for inferred loss
 checking 0 finished auctions for expiry
 checking 0 submitted auctions for inferred loss
 checking 0 finished auctions for expiry
 checking 0 submitted auctions for inferred loss
 checking 0 finished auctions for expiry
