2014-04-22 07:13:48.382 ZMQ ./soa/service/zmq_endpoint.cc:447 - bool Datacratic::ZmqNamedProxy::connect(const string&, Datacratic::ConnectionStyle) [1;31mconnecting to monitor/zeromq[0m
2014-04-22 07:13:48.386 ZMQ ./soa/service/zmq_endpoint.cc:494 - bool Datacratic::ZmqNamedProxy::connect(const string&, Datacratic::ConnectionStyle) [1;31mconnected to tcp://ip-172-31-27-189.ec2.internal:24000[0m
2014-04-22 07:13:48.388 ZMQ ./soa/service/zmq_endpoint.cc:447 - bool Datacratic::ZmqNamedProxy::connect(const string&, Datacratic::ConnectionStyle) [1;31mconnecting to monitor/zeromq[0m
2014-04-22 07:13:48.392 ZMQ ./soa/service/zmq_endpoint.cc:494 - bool Datacratic::ZmqNamedProxy::connect(const string&, Datacratic::ConnectionStyle) [1;31mconnected to tcp://ip-172-31-27-189.ec2.internal:24000[0m
2014-04-22 07:13:48.395 ZMQ ./soa/service/zmq_endpoint.cc:447 - bool Datacratic::ZmqNamedProxy::connect(const string&, Datacratic::ConnectionStyle) [1;31mconnecting to masterBanker/zeromq[0m
2014-04-22 07:13:48.398 ZMQ ./soa/service/zmq_endpoint.cc:494 - bool Datacratic::ZmqNamedProxy::connect(const string&, Datacratic::ConnectionStyle) [1;31mconnected to tcp://ip-172-31-27-189.ec2.internal:22000[0m
augmentor frequency-cap-ex has connected
2014-04-22 07:13:48.435 ZMQ ./soa/service/zmq_endpoint.cc:447 - bool Datacratic::ZmqNamedProxy::connect(const string&, Datacratic::ConnectionStyle) [1;31mconnecting to PostAuctionLoop/events[0m
agent fixed-price-agent-ex_5585 connected to router
2014-04-22 07:13:48.438 ZMQ ./soa/service/zmq_endpoint.cc:494 - bool Datacratic::ZmqNamedProxy::connect(const string&, Datacratic::ConnectionStyle) [1;31mconnected to tcp://ip-172-31-27-189.ec2.internal:20000[0m
2014-04-22 07:13:48.447 ZMQ ./soa/service/zmq_endpoint.cc:447 - bool Datacratic::ZmqNamedProxy::connect(const string&, Datacratic::ConnectionStyle) [1;31mconnecting to agentConfigurationService/listen[0m
2014-04-22 07:13:48.451 ZMQ ./soa/service/zmq_endpoint.cc:494 - bool Datacratic::ZmqNamedProxy::connect(const string&, Datacratic::ConnectionStyle) [1;31mconnected to tcp://ip-172-31-27-189.ec2.internal:19000[0m
got configuration message fixed-price-agent-ex_5585


agent fixed-price-agent-ex_5585 got new configuration
listening on hostname 0.0.0.0 port 12339
********* calling addSpendAccount for hello:world for SlaveBanker router.slaveBanker
total of 1.00094e+07 microseconds and 396 sleeps
BID                                 101      14124   0.14%   139.84us/call
CONFIG                                1        147   0.00%   147.00us/call
HEARTBEAT                            10        186   0.00%    18.60us/call
HELLO                                 1        161   0.00%   161.00us/call
PONG0                                 9        281   0.00%    31.22us/call
PONG1                                 9        174   0.00%    19.33us/call
asleep                              406    9895579  98.86% 24373.35us/call
checks                              405        576   0.01%     1.42us/call
doConfig                            406       1005   0.01%     2.48us/call
doStartBidding                      406       8760   0.09%    21.58us/call
doSubmitted                         406      88385   0.88%   217.70us/call
total of 9.99309e+06 microseconds and 399 sleeps
BID                                 101      14242   0.14%   141.01us/call
HEARTBEAT                            10        186   0.00%    18.60us/call
PONG0                                10        269   0.00%    26.90us/call
PONG1                                10        182   0.00%    18.20us/call
asleep                              405    9878343  98.85% 24390.97us/call
checks                              405       1267   0.01%     3.13us/call
doConfig                            405        166   0.00%     0.41us/call
doStartBidding                      405       8713   0.09%    21.51us/call
doSubmitted                         405      89722   0.90%   221.54us/call
total of 1.00422e+07 microseconds and 407 sleeps
BID                                 107      14830   0.15%   138.60us/call
HEARTBEAT                            10        211   0.00%    21.10us/call
PONG0                                10        209   0.00%    20.90us/call
PONG1                                10        154   0.00%    15.40us/call
asleep                              419    9924757  98.83% 23686.77us/call
checks                              419       1192   0.01%     2.84us/call
doConfig                            419        169   0.00%     0.40us/call
doStartBidding                      419       9240   0.09%    22.05us/call
doSubmitted                         419      91465   0.91%   218.29us/call
total of 9.99191e+06 microseconds and 397 sleeps
BID                                 106      14622   0.15%   137.94us/call
HEARTBEAT                            10        184   0.00%    18.40us/call
PONG0                                10        170   0.00%    17.00us/call
PONG1                                10        394   0.00%    39.40us/call
asleep                              416    9875623  98.84% 23739.48us/call
checks                              416        913   0.01%     2.19us/call
doConfig                            416        331   0.00%     0.80us/call
doStartBidding                      416       9148   0.09%    21.99us/call
doSubmitted                         416      90523   0.91%   217.60us/call
total of 9.99158e+06 microseconds and 434 sleeps
BID                                 121      16907   0.17%   139.73us/call
HEARTBEAT                            10        212   0.00%    21.20us/call
PONG0                                10        236   0.00%    23.60us/call
PONG1                                10        181   0.00%    18.10us/call
asleep                              444    9870841  98.79% 22231.62us/call
checks                              444       1027   0.01%     2.31us/call
doConfig                            444        410   0.00%     0.92us/call
doStartBidding                      444      10397   0.10%    23.42us/call
doSubmitted                         444      91373   0.91%   205.80us/call
total of 1.00417e+07 microseconds and 429 sleeps
BID                                 118      16279   0.16%   137.96us/call
HEARTBEAT                            10        180   0.00%    18.00us/call
PONG0                                 9        246   0.00%    27.33us/call
PONG1                                 9        166   0.00%    18.44us/call
asleep                              435    9921007  98.80% 22806.91us/call
checks                              435       1382   0.01%     3.18us/call
doConfig                            435        156   0.00%     0.36us/call
doStartBidding                      435      10443   0.10%    24.01us/call
doSubmitted                         435      91796   0.91%   211.03us/call
total of 9.99306e+06 microseconds and 380 sleeps
BID                                  91      12580   0.13%   138.24us/call
HEARTBEAT                            10        361   0.00%    36.10us/call
PONG0                                10        269   0.00%    26.90us/call
PONG1                                10        192   0.00%    19.20us/call
asleep                              385    9878955  98.86% 25659.62us/call
checks                              385        932   0.01%     2.42us/call
doConfig                            385        140   0.00%     0.36us/call
doStartBidding                      385       8100   0.08%    21.04us/call
doSubmitted                         385      91532   0.92%   237.75us/call
total of 9.99295e+06 microseconds and 376 sleeps
BID                                  90      12720   0.13%   141.33us/call
HEARTBEAT                            10        209   0.00%    20.90us/call
PONG0                                10        311   0.00%    31.10us/call
PONG1                                10        161   0.00%    16.10us/call
asleep                              385    9875332  98.82% 25650.21us/call
checks                              385        979   0.01%     2.54us/call
doConfig                            385        155   0.00%     0.40us/call
doStartBidding                      385       8034   0.08%    20.87us/call
doSubmitted                         385      95045   0.95%   246.87us/call
total of 1.00419e+07 microseconds and 412 sleeps
BID                                 114      15889   0.16%   139.38us/call
HEARTBEAT                            10        228   0.00%    22.80us/call
PONG0                                10        173   0.00%    17.30us/call
PONG1                                10        131   0.00%    13.10us/call
asleep                              432    9923058  98.82% 22970.04us/call
checks                              432        862   0.01%     2.00us/call
doConfig                            432        147   0.00%     0.34us/call
doStartBidding                      432       9863   0.10%    22.83us/call
doSubmitted                         432      91592   0.91%   212.02us/call
total of 9.99217e+06 microseconds and 407 sleeps
BID                                 106      14708   0.15%   138.75us/call
HEARTBEAT                            10        191   0.00%    19.10us/call
PONG0                                10        219   0.00%    21.90us/call
PONG1                                10        151   0.00%    15.10us/call
asleep                              415    9873901  98.82% 23792.53us/call
checks                              415       1026   0.01%     2.47us/call
doConfig                            415        133   0.00%     0.32us/call
doStartBidding                      415       9212   0.09%    22.20us/call
doSubmitted                         415      92630   0.93%   223.20us/call
total of 9.99274e+06 microseconds and 396 sleeps
BID                                 100      13819   0.14%   138.19us/call
HEARTBEAT                            10        204   0.00%    20.40us/call
PONG0                                10        248   0.00%    24.80us/call
PONG1                                10        180   0.00%    18.00us/call
asleep                              405    9876444  98.84% 24386.28us/call
checks                              405       1142   0.01%     2.82us/call
doConfig                            405        167   0.00%     0.41us/call
doStartBidding                      405       8816   0.09%    21.77us/call
doSubmitted                         405      91717   0.92%   226.46us/call
total of 1.00421e+07 microseconds and 406 sleeps
BID                                 106      14601   0.15%   137.75us/call
HEARTBEAT                            10        221   0.00%    22.10us/call
PONG0                                 9        211   0.00%    23.44us/call
PONG1                                 9        133   0.00%    14.78us/call
asleep                              414    9924740  98.83% 23972.80us/call
checks                              414       1071   0.01%     2.59us/call
doConfig                            414        118   0.00%     0.29us/call
doStartBidding                      414       9293   0.09%    22.45us/call
doSubmitted                         414      91704   0.91%   221.51us/call
total of 9.99256e+06 microseconds and 389 sleeps
BID                                  96      13446   0.13%   140.06us/call
HEARTBEAT                            10        189   0.00%    18.90us/call
PONG0                                10        276   0.00%    27.60us/call
PONG1                                10        178   0.00%    17.80us/call
asleep                              396    9877218  98.85% 24942.47us/call
checks                              396       1117   0.01%     2.82us/call
doConfig                            396        159   0.00%     0.40us/call
doStartBidding                      396       8153   0.08%    20.59us/call
doSubmitted                         396      91819   0.92%   231.87us/call
total of 9.99249e+06 microseconds and 382 sleeps
BID                                 100      14269   0.14%   142.69us/call
HEARTBEAT                            10        205   0.00%    20.50us/call
PONG0                                10        175   0.00%    17.50us/call
PONG1                                10        165   0.00%    16.50us/call
asleep                              400    9875641  98.83% 24689.10us/call
checks                              400       1126   0.01%     2.81us/call
doConfig                            400        173   0.00%     0.43us/call
doStartBidding                      400       8688   0.09%    21.72us/call
doSubmitted                         400      92052   0.92%   230.13us/call
total of 1.00427e+07 microseconds and 386 sleeps
BID                                  97      13626   0.14%   140.47us/call
HEARTBEAT                            10        198   0.00%    19.80us/call
PONG0                                10        194   0.00%    19.40us/call
PONG1                                10        161   0.00%    16.10us/call
asleep                              399    9924953  98.83% 24874.57us/call
checks                              399       1320   0.01%     3.31us/call
doConfig                            399        170   0.00%     0.43us/call
doStartBidding                      399       8475   0.08%    21.24us/call
doSubmitted                         399      93622   0.93%   234.64us/call
total of 9.99336e+06 microseconds and 382 sleeps
BID                                  93      12864   0.13%   138.32us/call
HEARTBEAT                            10        187   0.00%    18.70us/call
PONG0                                10        276   0.00%    27.60us/call
PONG1                                10        154   0.00%    15.40us/call
asleep                              390    9877850  98.84% 25327.82us/call
checks                              390        840   0.01%     2.15us/call
doConfig                            390        149   0.00%     0.38us/call
doStartBidding                      390       7977   0.08%    20.45us/call
doSubmitted                         390      93062   0.93%   238.62us/call
total of 1.00424e+07 microseconds and 382 sleeps
BID                                  92      12760   0.13%   138.70us/call
HEARTBEAT                            10        195   0.00%    19.50us/call
PONG0                                10        235   0.00%    23.50us/call
PONG1                                10        139   0.00%    13.90us/call
asleep                              390    9926845  98.85% 25453.45us/call
checks                              390       1349   0.01%     3.46us/call
doConfig                            390        137   0.00%     0.35us/call
doStartBidding                      390       7956   0.08%    20.40us/call
doSubmitted                         390      92814   0.92%   237.98us/call
total of 1.00428e+07 microseconds and 393 sleeps
BID                                  99      13561   0.14%   136.98us/call
HEARTBEAT                            10        216   0.00%    21.60us/call
PONG0                                 9        230   0.00%    25.56us/call
PONG1                                 9        149   0.00%    16.56us/call
asleep                              400    9926017  98.84% 24815.04us/call
checks                              400       1222   0.01%     3.06us/call
doConfig                            400        149   0.00%     0.37us/call
doStartBidding                      400       8607   0.09%    21.52us/call
doSubmitted                         400      92642   0.92%   231.60us/call
total of 1.00428e+07 microseconds and 393 sleeps
BID                                 102      14254   0.14%   139.75us/call
HEARTBEAT                            10        210   0.00%    21.00us/call
PONG0                                10        205   0.00%    20.50us/call
PONG1                                10        136   0.00%    13.60us/call
asleep                              409    9925881  98.84% 24268.66us/call
checks                              409       1013   0.01%     2.48us/call
doConfig                            409        161   0.00%     0.39us/call
doStartBidding                      409       8839   0.09%    21.61us/call
doSubmitted                         409      92119   0.92%   225.23us/call
total of 1.00425e+07 microseconds and 404 sleeps
BID                                 109      15607   0.16%   143.18us/call
HEARTBEAT                            10        233   0.00%    23.30us/call
PONG0                                10        187   0.00%    18.70us/call
PONG1                                10        161   0.00%    16.10us/call
asleep                              420    9915656  98.74% 23608.70us/call
checks                              420        923   0.01%     2.20us/call
doConfig                            420        162   0.00%     0.39us/call
doStartBidding                      420       9686   0.10%    23.06us/call
doSubmitted                         420      99848   0.99%   237.73us/call
total of 1.00412e+07 microseconds and 415 sleeps
BID                                 114      16376   0.16%   143.65us/call
HEARTBEAT                            10        252   0.00%    25.20us/call
PONG0                                10        287   0.00%    28.70us/call
PONG1                                10        140   0.00%    14.00us/call
asleep                              430    9908937  98.68% 23044.04us/call
checks                              430       1296   0.01%     3.01us/call
doConfig                            430        208   0.00%     0.48us/call
doStartBidding                      430      10214   0.10%    23.75us/call
doSubmitted                         430     103499   1.03%   240.70us/call
total of 9.99336e+06 microseconds and 391 sleeps
BID                                  99      13879   0.14%   140.19us/call
HEARTBEAT                            10        216   0.00%    21.60us/call
PONG0                                10        239   0.00%    23.90us/call
PONG1                                10        155   0.00%    15.50us/call
asleep                              399    9877401  98.84% 24755.39us/call
checks                              399        921   0.01%     2.31us/call
doConfig                            399        145   0.00%     0.36us/call
doStartBidding                      399       8520   0.09%    21.35us/call
doSubmitted                         399      91885   0.92%   230.29us/call
total of 9.99328e+06 microseconds and 349 sleeps
BID                                  76      10544   0.11%   138.74us/call
HEARTBEAT                            10        191   0.00%    19.10us/call
PONG0                                10        243   0.00%    24.30us/call
PONG1                                10        172   0.00%    17.20us/call
asleep                              358    9881984  98.89% 27603.31us/call
checks                              358        860   0.01%     2.40us/call
doConfig                            358        154   0.00%     0.43us/call
doStartBidding                      358       6670   0.07%    18.63us/call
doSubmitted                         358      92466   0.93%   258.28us/call
total of 1.00422e+07 microseconds and 372 sleeps
BID                                  88      12358   0.12%   140.43us/call
HEARTBEAT                            10        224   0.00%    22.40us/call
PONG0                                 9        271   0.00%    30.11us/call
PONG1                                 9        174   0.00%    19.33us/call
asleep                              378    9928281  98.87% 26265.29us/call
checks                              378        859   0.01%     2.27us/call
doConfig                            378        129   0.00%     0.34us/call
doStartBidding                      378       7735   0.08%    20.46us/call
doSubmitted                         378      92121   0.92%   243.71us/call
total of 9.99309e+06 microseconds and 400 sleeps
BID                                 107      14709   0.15%   137.47us/call
HEARTBEAT                            10        197   0.00%    19.70us/call
PONG0                                10        204   0.00%    20.40us/call
PONG1                                10        342   0.00%    34.20us/call
asleep                              418    9874796  98.82% 23623.91us/call
checks                              418        843   0.01%     2.02us/call
doConfig                            418        143   0.00%     0.34us/call
doStartBidding                      418       9420   0.09%    22.54us/call
doSubmitted                         418      92432   0.92%   221.13us/call
total of 9.99582e+06 microseconds and 370 sleeps
BID                                  88      12485   0.12%   141.88us/call
HEARTBEAT                            10        235   0.00%    23.50us/call
PONG0                                10        256   0.00%    25.60us/call
PONG1                                10        165   0.00%    16.50us/call
asleep                              382    9880849  98.85% 25866.10us/call
checks                              382       1329   0.01%     3.48us/call
doConfig                            382        143   0.00%     0.37us/call
doStartBidding                      382       7894   0.08%    20.66us/call
doSubmitted                         382      92461   0.92%   242.04us/call
total of 9.99889e+06 microseconds and 389 sleeps
BID                                  97      13408   0.13%   138.23us/call
HEARTBEAT                            10        199   0.00%    19.90us/call
PONG0                                10        255   0.00%    25.50us/call
PONG1                                10        190   0.00%    19.00us/call
asleep                              397    9883477  98.85% 24895.41us/call
checks                              397        938   0.01%     2.36us/call
doConfig                            397        160   0.00%     0.40us/call
doStartBidding                      397       8305   0.08%    20.92us/call
doSubmitted                         397      91954   0.92%   231.62us/call
total of 9.99422e+06 microseconds and 429 sleeps
BID                                 115      15912   0.16%   138.37us/call
HEARTBEAT                            10        187   0.00%    18.70us/call
PONG0                                10        249   0.00%    24.90us/call
PONG1                                10        193   0.00%    19.30us/call
asleep                              434    9873760  98.79% 22750.60us/call
checks                              434       1137   0.01%     2.62us/call
doConfig                            434        154   0.00%     0.35us/call
doStartBidding                      434      10038   0.10%    23.13us/call
doSubmitted                         434      92585   0.93%   213.33us/call
total of 1.00034e+07 microseconds and 392 sleeps
BID                                  97      13560   0.14%   139.79us/call
HEARTBEAT                            10        194   0.00%    19.40us/call
PONG0                                10        237   0.00%    23.70us/call
PONG1                                10        166   0.00%    16.60us/call
asleep                              400    9888273  98.85% 24720.68us/call
checks                              400       1171   0.01%     2.93us/call
doConfig                            400        165   0.00%     0.41us/call
doStartBidding                      400       8465   0.08%    21.16us/call
doSubmitted                         400      91183   0.91%   227.96us/call
total of 9.9939e+06 microseconds and 409 sleeps
BID                                 108      14842   0.15%   137.43us/call
HEARTBEAT                            10        204   0.00%    20.40us/call
PONG0                                10        278   0.00%    27.80us/call
PONG1                                10        172   0.00%    17.20us/call
asleep                              418    9876142  98.82% 23627.13us/call
checks                              418       1094   0.01%     2.62us/call
doConfig                            418        174   0.00%     0.42us/call
doStartBidding                      418       9408   0.09%    22.51us/call
doSubmitted                         418      91582   0.92%   219.10us/call
total of 9.99586e+06 microseconds and 389 sleeps
BID                                 104      14379   0.14%   138.26us/call
HEARTBEAT                            10        200   0.00%    20.00us/call
PONG0                                 9        235   0.00%    26.11us/call
PONG1                                 9        113   0.00%    12.56us/call
asleep                              407    9878220  98.82% 24270.81us/call
checks                              407        842   0.01%     2.07us/call
doConfig                            407        342   0.00%     0.84us/call
doStartBidding                      407       9062   0.09%    22.27us/call
doSubmitted                         407      92466   0.93%   227.19us/call
total of 9.99248e+06 microseconds and 394 sleeps
BID                                 103      14385   0.14%   139.66us/call
HEARTBEAT                            10        195   0.00%    19.50us/call
PONG0                                10        195   0.00%    19.50us/call
PONG1                                10        165   0.00%    16.50us/call
asleep                              408    9876147  98.84% 24206.24us/call
checks                              408        867   0.01%     2.12us/call
doConfig                            408        157   0.00%     0.38us/call
doStartBidding                      408       8899   0.09%    21.81us/call
doSubmitted                         408      91466   0.92%   224.18us/call
total of 9.99867e+06 microseconds and 398 sleeps
BID                                 100      13790   0.14%   137.90us/call
HEARTBEAT                            10        191   0.00%    19.10us/call
PONG0                                10        221   0.00%    22.10us/call
PONG1                                10        176   0.00%    17.60us/call
asleep                              405    9882496  98.84% 24401.22us/call
checks                              405        897   0.01%     2.21us/call
doConfig                            405        145   0.00%     0.36us/call
doStartBidding                      405       8612   0.09%    21.26us/call
doSubmitted                         405      92138   0.92%   227.50us/call
total of 1.00083e+07 microseconds and 389 sleeps
BID                                  98      13505   0.13%   137.81us/call
HEARTBEAT                            10        218   0.00%    21.80us/call
PONG0                                10        237   0.00%    23.70us/call
PONG1                                10        142   0.00%    14.20us/call
asleep                              397    9892160  98.84% 24917.28us/call
checks                              397        950   0.01%     2.39us/call
doConfig                            397        146   0.00%     0.37us/call
doStartBidding                      397       8494   0.08%    21.40us/call
doSubmitted                         397      92457   0.92%   232.89us/call
total of 9.99975e+06 microseconds and 400 sleeps
BID                                 105      14518   0.15%   138.27us/call
HEARTBEAT                            10        198   0.00%    19.80us/call
PONG0                                10        253   0.00%    25.30us/call
PONG1                                10        133   0.00%    13.30us/call
asleep                              412    9881271  98.82% 23983.67us/call
checks                              412       1277   0.01%     3.10us/call
doConfig                            412        169   0.00%     0.41us/call
doStartBidding                      412       9036   0.09%    21.93us/call
doSubmitted                         412      92899   0.93%   225.48us/call
total of 1.00417e+07 microseconds and 385 sleeps
BID                                  96      13420   0.13%   139.79us/call
HEARTBEAT                            10        211   0.00%    21.10us/call
PONG0                                10        233   0.00%    23.30us/call
PONG1                                10        507   0.01%    50.70us/call
asleep                              394    9924970  98.84% 25190.28us/call
checks                              394        917   0.01%     2.33us/call
doConfig                            394        130   0.00%     0.33us/call
doStartBidding                      394       8348   0.08%    21.19us/call
doSubmitted                         394      93009   0.93%   236.06us/call
total of 1.00101e+07 microseconds and 401 sleeps
BID                                 107      14896   0.15%   139.21us/call
HEARTBEAT                            10        187   0.00%    18.70us/call
PONG0                                10        185   0.00%    18.50us/call
PONG1                                10        182   0.00%    18.20us/call
asleep                              419    9892502  98.83% 23609.79us/call
checks                              419       1182   0.01%     2.82us/call
doConfig                            419        164   0.00%     0.39us/call
doStartBidding                      419       9227   0.09%    22.02us/call
doSubmitted                         419      91594   0.92%   218.60us/call
total of 1.00082e+07 microseconds and 394 sleeps
BID                                  98      13890   0.14%   141.73us/call
HEARTBEAT                            10        182   0.00%    18.20us/call
PONG0                                 9        259   0.00%    28.78us/call
PONG1                                 9        181   0.00%    20.11us/call
asleep                              399    9889826  98.82% 24786.53us/call
checks                              399       1412   0.01%     3.54us/call
doConfig                            399        180   0.00%     0.45us/call
doStartBidding                      399       8665   0.09%    21.72us/call
doSubmitted                         399      93601   0.94%   234.59us/call
