connecting to Carbon at 127.0.0.1:2003 (localhost)
2014-04-22 07:12:34.208 ZMQ ./soa/service/zmq_endpoint.cc:447 - bool Datacratic::ZmqNamedProxy::connect(const string&, Datacratic::ConnectionStyle) [1;31mconnecting to monitor/zeromq[0m
2014-04-22 07:12:34.214 ZMQ ./soa/service/zmq_endpoint.cc:494 - bool Datacratic::ZmqNamedProxy::connect(const string&, Datacratic::ConnectionStyle) [1;31mconnected to tcp://ip-172-31-27-189.ec2.internal:24000[0m
2014-04-22 07:12:34.225 ZMQ ./soa/service/zmq_endpoint.cc:447 - bool Datacratic::ZmqNamedProxy::connect(const string&, Datacratic::ConnectionStyle) [1;31mconnecting to monitor/zeromq[0m
2014-04-22 07:12:34.236 ZMQ ./soa/service/zmq_endpoint.cc:494 - bool Datacratic::ZmqNamedProxy::connect(const string&, Datacratic::ConnectionStyle) [1;31mconnected to tcp://ip-172-31-27-189.ec2.internal:24000[0m
2014-04-22 07:12:34.241 ZMQ ./soa/service/zmq_endpoint.cc:447 - bool Datacratic::ZmqNamedProxy::connect(const string&, Datacratic::ConnectionStyle) [1;31mconnecting to masterBanker/zeromq[0m
2014-04-22 07:12:34.248 ZMQ ./soa/service/zmq_endpoint.cc:494 - bool Datacratic::ZmqNamedProxy::connect(const string&, Datacratic::ConnectionStyle) [1;31mconnected to tcp://ip-172-31-27-189.ec2.internal:22000[0m
augmentor frequency-cap-ex has connected
2014-04-22 07:12:34.297 ZMQ ./soa/service/zmq_endpoint.cc:447 - bool Datacratic::ZmqNamedProxy::connect(const string&, Datacratic::ConnectionStyle) [1;31mconnecting to PostAuctionLoop/events[0m
agent fixed-price-agent-ex_5132 connected to router
wexists handler returned -101
2. returning result 
2014-04-22 07:12:34.305 ZMQ ./soa/service/zmq_endpoint.cc:447 - bool Datacratic::ZmqNamedProxy::connect(const string&, Datacratic::ConnectionStyle) [1;31mconnecting to agentConfigurationService/listen[0m
2014-04-22 07:12:34.306 ZMQ ./soa/service/zmq_endpoint.cc:447 - bool Datacratic::ZmqNamedProxy::connect(const string&, Datacratic::ConnectionStyle) [1;31mconnecting to PostAuctionLoop/events[0m
2014-04-22 07:12:34.316 ZMQ ./soa/service/zmq_endpoint.cc:447 - bool Datacratic::ZmqNamedProxy::connect(const string&, Datacratic::ConnectionStyle) [1;31mconnecting to PostAuctionLoop/events[0m
2014-04-22 07:12:34.319 ZMQ ./soa/service/zmq_endpoint.cc:494 - bool Datacratic::ZmqNamedProxy::connect(const string&, Datacratic::ConnectionStyle) [1;31mconnected to tcp://ip-172-31-27-189.ec2.internal:19000[0m
2014-04-22 07:12:34.325 ZMQ ./soa/service/zmq_endpoint.cc:494 - bool Datacratic::ZmqNamedProxy::connect(const string&, Datacratic::ConnectionStyle) [1;31mconnected to tcp://ip-172-31-27-189.ec2.internal:20000[0m
got configuration message fixed-price-agent-ex_5132


agent fixed-price-agent-ex_5132 got new configuration
listening on hostname 0.0.0.0 port 12339
********* calling addSpendAccount for hello:world for SlaveBanker router.slaveBanker
